Arguments: 
  C:\Program Files\nodejs\node.exe C:\Users\mmnik\AppData\Roaming\npm\node_modules\yarn\bin\yarn.js test binary-search-tree

PATH: 
  C:\Users\mmnik\bin;C:\Program Files\Git\mingw64\bin;C:\Program Files\Git\usr\local\bin;C:\Program Files\Git\usr\bin;C:\Program Files\Git\usr\bin;C:\Program Files\Git\mingw64\bin;C:\Program Files\Git\usr\bin;C:\Users\mmnik\bin;C:\Program Files (x86)\Intel\iCLS Client;C:\Program Files\Intel\iCLS Client;C:\WINDOWS\system32;C:\WINDOWS;C:\WINDOWS\System32\Wbem;C:\WINDOWS\System32\WindowsPowerShell\v1.0;C:\Program Files (x86)\Intel\Intel(R) Management Engine Components\DAL;C:\Program Files\Intel\Intel(R) Management Engine Components\DAL;C:\Program Files (x86)\Intel\Intel(R) Management Engine Components\IPT;C:\Program Files\Intel\Intel(R) Management Engine Components\IPT;C:\Program Files\nodejs;C:\WINDOWS\System32\OpenSSH;C:\Users\mmnik\AppData\Local\Microsoft\WindowsApps;C:\Users\mmnik\AppData\Local\GitHubDesktop\bin;C:\Program Files\Microsoft VS Code\bin;C:\Users\mmnik\AppData\Roaming\npm;C:\Users\mmnik\AppData\Local\Microsoft\WindowsApps;C:\Program Files\MongoDB\Server\3.6\bin;C:\Program Files\Heroku\bin;C:\Program Files\Git\usr\bin\vendor_perl;C:\Program Files\Git\usr\bin\core_perl

Yarn version: 
  1.5.1

Node version: 
  8.10.0

Platform: 
  win32 x64

npm manifest: 
  {
    "name": "Sprint-Challenge--Data-Structures-Algorithms",
    "version": "1.0.0",
    "description": "LambdaSchool's Data Structures and Algorithms sprint challenge repository",
    "main": "index.js",
    "scripts": {
      "test": "jest --verbose",
      "test:watch": "npm test -- --watch"
    },
    "repository": {
      "type": "git",
      "url": "git+https://github.com/LambdaSchool/Sprint-Challenge-Solution--Data-Structures-Algorithms.git"
    },
    "author": "Sean Chen",
    "license": "ISC",
    "bugs": {
      "url": "https://github.com/LambdaSchool/Sprint-Challenge-Solution--Data-Structures-Algorithms/issues"
    },
    "homepage": "https://github.com/LambdaSchool/Sprint-Challenge-Solution--Data-Structures-Algorithms/#readme",
    "devDependencies": {
      "jest": "^22.4.4",
      "regenerator-runtime": "^0.10.5"
    }
  }

yarn manifest: 
  No manifest

Lockfile: 
  No lockfile

Trace: 
  Error: Command failed.
  Exit code: 1
  Command: C:\WINDOWS\system32\cmd.exe
  Arguments: /d /s /c jest --verbose binary-search-tree
  Directory: C:\Users\mmnik\LambdaSchool\Sprint-Challenge--Data-Structures-Algorithms
  Output:
  
      at ProcessTermError.MessageError (C:\Users\mmnik\AppData\Roaming\npm\node_modules\yarn\lib\cli.js:186:110)
      at new ProcessTermError (C:\Users\mmnik\AppData\Roaming\npm\node_modules\yarn\lib\cli.js:226:113)
      at ChildProcess.<anonymous> (C:\Users\mmnik\AppData\Roaming\npm\node_modules\yarn\lib\cli.js:30281:17)
      at emitTwo (events.js:126:13)
      at ChildProcess.emit (events.js:214:7)
      at maybeClose (internal/child_process.js:925:16)
      at Process.ChildProcess._handle.onexit (internal/child_process.js:209:5)
